<?xml version="1.0" encoding="UTF-8"?>
<!-- Generated by org.testng.reporters.JUnitXMLReporter -->
<testsuite ignored="0" hostname="Mac.fritz.box" failures="0" tests="3" name="Surefire test" time="1.221" errors="0" timestamp="2026-06-22T12:22:37 IST">
  <testcase classname="com.automation.UserApiTest" name="getInvalidUser_shouldReturn404" time="0.756"/>
  <testcase classname="com.automation.UserApiTest" name="getUser_shouldHaveEmail" time="0.262"/>
  <testcase classname="com.automation.UserApiTest" name="getUser_shouldReturn200" time="0.053"/>
</testsuite> <!-- Surefire test -->
